/*C3*/SET SCHEMA PUBLIC
DELETE FROM DATAS_PERSON WHERE DATAS_ID=1404 AND PERSONS_ID=1301
DELETE FROM DATATOPERSON WHERE PERSON_ID=1301 AND DATAS_ID=1404
DELETE FROM DATAS WHERE ID=1404
COMMIT
DELETE FROM DATAS_PERSON WHERE DATAS_ID=1402 AND PERSONS_ID=1301
DELETE FROM DATATOPERSON WHERE PERSON_ID=1301 AND DATAS_ID=1402
DELETE FROM DATAS WHERE ID=1402
COMMIT
DISCONNECT
/*C4*/SET SCHEMA PUBLIC
DELETE FROM DATAS_PERSON WHERE DATAS_ID=51 AND PERSONS_ID=1
DELETE FROM DATAS_PERSON WHERE DATAS_ID=101 AND PERSONS_ID=1
DELETE FROM DATAS_PERSON WHERE DATAS_ID=151 AND PERSONS_ID=1
DELETE FROM DATAS_PERSON WHERE DATAS_ID=152 AND PERSONS_ID=1
DELETE FROM DATAS_PERSON WHERE DATAS_ID=201 AND PERSONS_ID=1
DELETE FROM DATAS_PERSON WHERE DATAS_ID=251 AND PERSONS_ID=1
DELETE FROM DATAS_PERSON WHERE DATAS_ID=252 AND PERSONS_ID=1
DELETE FROM DATAS_PERSON WHERE DATAS_ID=253 AND PERSONS_ID=1
DELETE FROM DATAS_PERSON WHERE DATAS_ID=254 AND PERSONS_ID=1
DELETE FROM DATAS_PERSON WHERE DATAS_ID=255 AND PERSONS_ID=1
DELETE FROM DATAS_PERSON WHERE DATAS_ID=256 AND PERSONS_ID=1
DELETE FROM DATAS_PERSON WHERE DATAS_ID=257 AND PERSONS_ID=1
DELETE FROM DATAS_PERSON WHERE DATAS_ID=258 AND PERSONS_ID=1
DELETE FROM DATAS_PERSON WHERE DATAS_ID=259 AND PERSONS_ID=1
DELETE FROM DATAS_PERSON WHERE DATAS_ID=260 AND PERSONS_ID=1
DELETE FROM DATAS_PERSON WHERE DATAS_ID=303 AND PERSONS_ID=302
DELETE FROM DATAS_PERSON WHERE DATAS_ID=305 AND PERSONS_ID=304
DELETE FROM DATAS_PERSON WHERE DATAS_ID=307 AND PERSONS_ID=306
DELETE FROM DATAS_PERSON WHERE DATAS_ID=309 AND PERSONS_ID=308
DELETE FROM DATAS_PERSON WHERE DATAS_ID=310 AND PERSONS_ID=308
DELETE FROM DATAS_PERSON WHERE DATAS_ID=311 AND PERSONS_ID=308
DELETE FROM DATAS_PERSON WHERE DATAS_ID=312 AND PERSONS_ID=308
DELETE FROM DATAS_PERSON WHERE DATAS_ID=313 AND PERSONS_ID=308
DELETE FROM DATAS_PERSON WHERE DATAS_ID=314 AND PERSONS_ID=308
DELETE FROM DATAS_PERSON WHERE DATAS_ID=315 AND PERSONS_ID=308
DELETE FROM DATAS_PERSON WHERE DATAS_ID=316 AND PERSONS_ID=308
DELETE FROM DATAS_PERSON WHERE DATAS_ID=317 AND PERSONS_ID=308
DELETE FROM DATAS_PERSON WHERE DATAS_ID=318 AND PERSONS_ID=308
DELETE FROM DATAS_PERSON WHERE DATAS_ID=319 AND PERSONS_ID=308
DELETE FROM DATAS_PERSON WHERE DATAS_ID=320 AND PERSONS_ID=308
DELETE FROM DATAS_PERSON WHERE DATAS_ID=321 AND PERSONS_ID=308
DELETE FROM DATAS_PERSON WHERE DATAS_ID=322 AND PERSONS_ID=308
DELETE FROM DATAS_PERSON WHERE DATAS_ID=323 AND PERSONS_ID=308
DELETE FROM DATAS_PERSON WHERE DATAS_ID=324 AND PERSONS_ID=308
DELETE FROM DATAS_PERSON WHERE DATAS_ID=325 AND PERSONS_ID=308
DELETE FROM DATAS_PERSON WHERE DATAS_ID=326 AND PERSONS_ID=308
DELETE FROM DATAS_PERSON WHERE DATAS_ID=327 AND PERSONS_ID=308
DELETE FROM DATAS_PERSON WHERE DATAS_ID=328 AND PERSONS_ID=308
DELETE FROM DATAS_PERSON WHERE DATAS_ID=329 AND PERSONS_ID=308
DELETE FROM DATAS_PERSON WHERE DATAS_ID=330 AND PERSONS_ID=308
DELETE FROM DATAS_PERSON WHERE DATAS_ID=331 AND PERSONS_ID=308
DELETE FROM DATAS_PERSON WHERE DATAS_ID=332 AND PERSONS_ID=308
DELETE FROM DATAS_PERSON WHERE DATAS_ID=333 AND PERSONS_ID=308
DELETE FROM DATAS_PERSON WHERE DATAS_ID=334 AND PERSONS_ID=308
DELETE FROM DATAS_PERSON WHERE DATAS_ID=335 AND PERSONS_ID=308
DELETE FROM DATAS_PERSON WHERE DATAS_ID=336 AND PERSONS_ID=308
DELETE FROM DATAS_PERSON WHERE DATAS_ID=337 AND PERSONS_ID=308
DELETE FROM DATAS_PERSON WHERE DATAS_ID=338 AND PERSONS_ID=308
DELETE FROM DATAS_PERSON WHERE DATAS_ID=339 AND PERSONS_ID=308
DELETE FROM DATAS_PERSON WHERE DATAS_ID=340 AND PERSONS_ID=308
DELETE FROM DATAS_PERSON WHERE DATAS_ID=341 AND PERSONS_ID=308
DELETE FROM DATAS_PERSON WHERE DATAS_ID=342 AND PERSONS_ID=308
DELETE FROM DATAS_PERSON WHERE DATAS_ID=352 AND PERSONS_ID=351
DELETE FROM DATAS_PERSON WHERE DATAS_ID=353 AND PERSONS_ID=351
DELETE FROM DATAS_PERSON WHERE DATAS_ID=359 AND PERSONS_ID=354
DELETE FROM DATAS_PERSON WHERE DATAS_ID=360 AND PERSONS_ID=354
DELETE FROM DATAS_PERSON WHERE DATAS_ID=361 AND PERSONS_ID=354
DELETE FROM DATAS_PERSON WHERE DATAS_ID=362 AND PERSONS_ID=354
DELETE FROM DATAS_PERSON WHERE DATAS_ID=363 AND PERSONS_ID=354
DELETE FROM DATAS_PERSON WHERE DATAS_ID=364 AND PERSONS_ID=354
DELETE FROM DATAS_PERSON WHERE DATAS_ID=366 AND PERSONS_ID=354
DELETE FROM DATAS_PERSON WHERE DATAS_ID=367 AND PERSONS_ID=354
DELETE FROM DATAS_PERSON WHERE DATAS_ID=368 AND PERSONS_ID=354
DELETE FROM DATAS_PERSON WHERE DATAS_ID=369 AND PERSONS_ID=354
DELETE FROM DATAS_PERSON WHERE DATAS_ID=370 AND PERSONS_ID=354
DELETE FROM DATAS_PERSON WHERE DATAS_ID=371 AND PERSONS_ID=354
DELETE FROM DATAS_PERSON WHERE DATAS_ID=372 AND PERSONS_ID=354
DELETE FROM DATAS_PERSON WHERE DATAS_ID=373 AND PERSONS_ID=354
DELETE FROM DATAS_PERSON WHERE DATAS_ID=374 AND PERSONS_ID=354
DELETE FROM DATAS_PERSON WHERE DATAS_ID=401 AND PERSONS_ID=354
DELETE FROM DATAS_PERSON WHERE DATAS_ID=402 AND PERSONS_ID=354
DELETE FROM DATAS_PERSON WHERE DATAS_ID=452 AND PERSONS_ID=451
DELETE FROM DATAS_PERSON WHERE DATAS_ID=457 AND PERSONS_ID=456
DELETE FROM DATAS_PERSON WHERE DATAS_ID=458 AND PERSONS_ID=456
DELETE FROM DATAS_PERSON WHERE DATAS_ID=459 AND PERSONS_ID=456
DELETE FROM DATAS_PERSON WHERE DATAS_ID=460 AND PERSONS_ID=456
DELETE FROM DATAS_PERSON WHERE DATAS_ID=501 AND PERSONS_ID=451
DELETE FROM DATAS_PERSON WHERE DATAS_ID=552 AND PERSONS_ID=551
DELETE FROM DATAS_PERSON WHERE DATAS_ID=553 AND PERSONS_ID=551
DELETE FROM DATAS_PERSON WHERE DATAS_ID=1253 AND PERSONS_ID=1251
DELETE FROM DATAS_PERSON WHERE DATAS_ID=1254 AND PERSONS_ID=1251
DELETE FROM DATAS_PERSON WHERE DATAS_ID=1255 AND PERSONS_ID=1251
DELETE FROM DATAS_PERSON WHERE DATAS_ID=1256 AND PERSONS_ID=1251
DELETE FROM DATAS_PERSON WHERE DATAS_ID=1257 AND PERSONS_ID=1251
DELETE FROM DATAS_PERSON WHERE DATAS_ID=1258 AND PERSONS_ID=1251
DELETE FROM DATAS_PERSON WHERE DATAS_ID=1260 AND PERSONS_ID=1259
DELETE FROM DATAS_PERSON WHERE DATAS_ID=1261 AND PERSONS_ID=1259
DELETE FROM DATAS_PERSON WHERE DATAS_ID=1262 AND PERSONS_ID=1259
DELETE FROM DATAS_PERSON WHERE DATAS_ID=1403 AND PERSONS_ID=1301
DELETE FROM DATAS_PERSON WHERE DATAS_ID=1405 AND PERSONS_ID=1301
DELETE FROM DATAS_PERSON WHERE DATAS_ID=1406 AND PERSONS_ID=1301
COMMIT
DELETE FROM DATATOPERSON WHERE PERSON_ID=1 AND DATAS_ID=51
DELETE FROM DATATOPERSON WHERE PERSON_ID=1 AND DATAS_ID=101
DELETE FROM DATATOPERSON WHERE PERSON_ID=1 AND DATAS_ID=151
DELETE FROM DATATOPERSON WHERE PERSON_ID=1 AND DATAS_ID=152
DELETE FROM DATATOPERSON WHERE PERSON_ID=1 AND DATAS_ID=201
DELETE FROM DATATOPERSON WHERE PERSON_ID=1 AND DATAS_ID=251
DELETE FROM DATATOPERSON WHERE PERSON_ID=1 AND DATAS_ID=252
DELETE FROM DATATOPERSON WHERE PERSON_ID=1 AND DATAS_ID=253
DELETE FROM DATATOPERSON WHERE PERSON_ID=1 AND DATAS_ID=254
DELETE FROM DATATOPERSON WHERE PERSON_ID=1 AND DATAS_ID=255
DELETE FROM DATATOPERSON WHERE PERSON_ID=1 AND DATAS_ID=256
DELETE FROM DATATOPERSON WHERE PERSON_ID=1 AND DATAS_ID=257
DELETE FROM DATATOPERSON WHERE PERSON_ID=1 AND DATAS_ID=258
DELETE FROM DATATOPERSON WHERE PERSON_ID=1 AND DATAS_ID=259
DELETE FROM DATATOPERSON WHERE PERSON_ID=1 AND DATAS_ID=260
DELETE FROM DATATOPERSON WHERE PERSON_ID=302 AND DATAS_ID=303
DELETE FROM DATATOPERSON WHERE PERSON_ID=304 AND DATAS_ID=305
DELETE FROM DATATOPERSON WHERE PERSON_ID=306 AND DATAS_ID=307
DELETE FROM DATATOPERSON WHERE PERSON_ID=308 AND DATAS_ID=309
DELETE FROM DATATOPERSON WHERE PERSON_ID=308 AND DATAS_ID=310
DELETE FROM DATATOPERSON WHERE PERSON_ID=308 AND DATAS_ID=311
DELETE FROM DATATOPERSON WHERE PERSON_ID=308 AND DATAS_ID=312
DELETE FROM DATATOPERSON WHERE PERSON_ID=308 AND DATAS_ID=313
DELETE FROM DATATOPERSON WHERE PERSON_ID=308 AND DATAS_ID=314
DELETE FROM DATATOPERSON WHERE PERSON_ID=308 AND DATAS_ID=315
DELETE FROM DATATOPERSON WHERE PERSON_ID=308 AND DATAS_ID=316
DELETE FROM DATATOPERSON WHERE PERSON_ID=308 AND DATAS_ID=317
DELETE FROM DATATOPERSON WHERE PERSON_ID=308 AND DATAS_ID=318
DELETE FROM DATATOPERSON WHERE PERSON_ID=308 AND DATAS_ID=319
DELETE FROM DATATOPERSON WHERE PERSON_ID=308 AND DATAS_ID=320
DELETE FROM DATATOPERSON WHERE PERSON_ID=308 AND DATAS_ID=321
DELETE FROM DATATOPERSON WHERE PERSON_ID=308 AND DATAS_ID=322
DELETE FROM DATATOPERSON WHERE PERSON_ID=308 AND DATAS_ID=323
DELETE FROM DATATOPERSON WHERE PERSON_ID=308 AND DATAS_ID=324
DELETE FROM DATATOPERSON WHERE PERSON_ID=308 AND DATAS_ID=325
DELETE FROM DATATOPERSON WHERE PERSON_ID=308 AND DATAS_ID=326
DELETE FROM DATATOPERSON WHERE PERSON_ID=308 AND DATAS_ID=327
DELETE FROM DATATOPERSON WHERE PERSON_ID=308 AND DATAS_ID=328
DELETE FROM DATATOPERSON WHERE PERSON_ID=308 AND DATAS_ID=329
DELETE FROM DATATOPERSON WHERE PERSON_ID=308 AND DATAS_ID=330
DELETE FROM DATATOPERSON WHERE PERSON_ID=308 AND DATAS_ID=331
DELETE FROM DATATOPERSON WHERE PERSON_ID=308 AND DATAS_ID=332
DELETE FROM DATATOPERSON WHERE PERSON_ID=308 AND DATAS_ID=333
DELETE FROM DATATOPERSON WHERE PERSON_ID=308 AND DATAS_ID=334
DELETE FROM DATATOPERSON WHERE PERSON_ID=308 AND DATAS_ID=335
DELETE FROM DATATOPERSON WHERE PERSON_ID=308 AND DATAS_ID=336
DELETE FROM DATATOPERSON WHERE PERSON_ID=308 AND DATAS_ID=337
DELETE FROM DATATOPERSON WHERE PERSON_ID=308 AND DATAS_ID=338
DELETE FROM DATATOPERSON WHERE PERSON_ID=308 AND DATAS_ID=339
DELETE FROM DATATOPERSON WHERE PERSON_ID=308 AND DATAS_ID=340
DELETE FROM DATATOPERSON WHERE PERSON_ID=308 AND DATAS_ID=341
DELETE FROM DATATOPERSON WHERE PERSON_ID=308 AND DATAS_ID=342
DELETE FROM DATATOPERSON WHERE PERSON_ID=351 AND DATAS_ID=352
DELETE FROM DATATOPERSON WHERE PERSON_ID=351 AND DATAS_ID=353
DELETE FROM DATATOPERSON WHERE PERSON_ID=354 AND DATAS_ID=359
DELETE FROM DATATOPERSON WHERE PERSON_ID=354 AND DATAS_ID=360
DELETE FROM DATATOPERSON WHERE PERSON_ID=354 AND DATAS_ID=361
DELETE FROM DATATOPERSON WHERE PERSON_ID=354 AND DATAS_ID=362
DELETE FROM DATATOPERSON WHERE PERSON_ID=354 AND DATAS_ID=363
DELETE FROM DATATOPERSON WHERE PERSON_ID=354 AND DATAS_ID=364
DELETE FROM DATATOPERSON WHERE PERSON_ID=354 AND DATAS_ID=366
DELETE FROM DATATOPERSON WHERE PERSON_ID=354 AND DATAS_ID=367
DELETE FROM DATATOPERSON WHERE PERSON_ID=354 AND DATAS_ID=368
DELETE FROM DATATOPERSON WHERE PERSON_ID=354 AND DATAS_ID=369
DELETE FROM DATATOPERSON WHERE PERSON_ID=354 AND DATAS_ID=370
DELETE FROM DATATOPERSON WHERE PERSON_ID=354 AND DATAS_ID=371
DELETE FROM DATATOPERSON WHERE PERSON_ID=354 AND DATAS_ID=372
DELETE FROM DATATOPERSON WHERE PERSON_ID=354 AND DATAS_ID=373
DELETE FROM DATATOPERSON WHERE PERSON_ID=354 AND DATAS_ID=374
DELETE FROM DATATOPERSON WHERE PERSON_ID=354 AND DATAS_ID=401
DELETE FROM DATATOPERSON WHERE PERSON_ID=354 AND DATAS_ID=402
DELETE FROM DATATOPERSON WHERE PERSON_ID=451 AND DATAS_ID=452
DELETE FROM DATATOPERSON WHERE PERSON_ID=451 AND DATAS_ID=501
DELETE FROM DATATOPERSON WHERE PERSON_ID=456 AND DATAS_ID=457
DELETE FROM DATATOPERSON WHERE PERSON_ID=456 AND DATAS_ID=458
DELETE FROM DATATOPERSON WHERE PERSON_ID=456 AND DATAS_ID=459
DELETE FROM DATATOPERSON WHERE PERSON_ID=456 AND DATAS_ID=460
DELETE FROM DATATOPERSON WHERE PERSON_ID=551 AND DATAS_ID=552
DELETE FROM DATATOPERSON WHERE PERSON_ID=551 AND DATAS_ID=553
DELETE FROM DATATOPERSON WHERE PERSON_ID=1251 AND DATAS_ID=1253
DELETE FROM DATATOPERSON WHERE PERSON_ID=1251 AND DATAS_ID=1254
DELETE FROM DATATOPERSON WHERE PERSON_ID=1251 AND DATAS_ID=1255
DELETE FROM DATATOPERSON WHERE PERSON_ID=1251 AND DATAS_ID=1256
DELETE FROM DATATOPERSON WHERE PERSON_ID=1251 AND DATAS_ID=1257
DELETE FROM DATATOPERSON WHERE PERSON_ID=1251 AND DATAS_ID=1258
DELETE FROM DATATOPERSON WHERE PERSON_ID=1259 AND DATAS_ID=1260
DELETE FROM DATATOPERSON WHERE PERSON_ID=1259 AND DATAS_ID=1261
DELETE FROM DATATOPERSON WHERE PERSON_ID=1259 AND DATAS_ID=1262
DELETE FROM DATATOPERSON WHERE PERSON_ID=1301 AND DATAS_ID=1403
DELETE FROM DATATOPERSON WHERE PERSON_ID=1301 AND DATAS_ID=1405
DELETE FROM DATATOPERSON WHERE PERSON_ID=1301 AND DATAS_ID=1406
COMMIT
DELETE FROM DATAS WHERE ID=51
DELETE FROM DATAS WHERE ID=101
DELETE FROM DATAS WHERE ID=151
DELETE FROM DATAS WHERE ID=152
DELETE FROM DATAS WHERE ID=201
DELETE FROM DATAS WHERE ID=251
DELETE FROM DATAS WHERE ID=252
DELETE FROM DATAS WHERE ID=253
DELETE FROM DATAS WHERE ID=254
DELETE FROM DATAS WHERE ID=255
DELETE FROM DATAS WHERE ID=256
DELETE FROM DATAS WHERE ID=257
DELETE FROM DATAS WHERE ID=258
DELETE FROM DATAS WHERE ID=259
DELETE FROM DATAS WHERE ID=260
DELETE FROM DATAS WHERE ID=303
DELETE FROM DATAS WHERE ID=305
DELETE FROM DATAS WHERE ID=307
DELETE FROM DATAS WHERE ID=309
DELETE FROM DATAS WHERE ID=310
DELETE FROM DATAS WHERE ID=311
DELETE FROM DATAS WHERE ID=312
DELETE FROM DATAS WHERE ID=313
DELETE FROM DATAS WHERE ID=314
DELETE FROM DATAS WHERE ID=315
DELETE FROM DATAS WHERE ID=316
DELETE FROM DATAS WHERE ID=317
DELETE FROM DATAS WHERE ID=318
DELETE FROM DATAS WHERE ID=319
DELETE FROM DATAS WHERE ID=320
DELETE FROM DATAS WHERE ID=321
DELETE FROM DATAS WHERE ID=322
DELETE FROM DATAS WHERE ID=323
DELETE FROM DATAS WHERE ID=324
DELETE FROM DATAS WHERE ID=325
DELETE FROM DATAS WHERE ID=326
DELETE FROM DATAS WHERE ID=327
DELETE FROM DATAS WHERE ID=328
DELETE FROM DATAS WHERE ID=329
DELETE FROM DATAS WHERE ID=330
DELETE FROM DATAS WHERE ID=331
DELETE FROM DATAS WHERE ID=332
DELETE FROM DATAS WHERE ID=333
DELETE FROM DATAS WHERE ID=334
DELETE FROM DATAS WHERE ID=335
DELETE FROM DATAS WHERE ID=336
DELETE FROM DATAS WHERE ID=337
DELETE FROM DATAS WHERE ID=338
DELETE FROM DATAS WHERE ID=339
DELETE FROM DATAS WHERE ID=340
DELETE FROM DATAS WHERE ID=341
DELETE FROM DATAS WHERE ID=342
DELETE FROM DATAS WHERE ID=352
DELETE FROM DATAS WHERE ID=353
DELETE FROM DATAS WHERE ID=359
DELETE FROM DATAS WHERE ID=360
DELETE FROM DATAS WHERE ID=361
DELETE FROM DATAS WHERE ID=362
DELETE FROM DATAS WHERE ID=363
DELETE FROM DATAS WHERE ID=364
DELETE FROM DATAS WHERE ID=366
DELETE FROM DATAS WHERE ID=367
DELETE FROM DATAS WHERE ID=368
DELETE FROM DATAS WHERE ID=369
DELETE FROM DATAS WHERE ID=370
DELETE FROM DATAS WHERE ID=371
DELETE FROM DATAS WHERE ID=372
DELETE FROM DATAS WHERE ID=373
DELETE FROM DATAS WHERE ID=374
DELETE FROM DATAS WHERE ID=401
DELETE FROM DATAS WHERE ID=402
DELETE FROM DATAS WHERE ID=452
DELETE FROM DATAS WHERE ID=457
DELETE FROM DATAS WHERE ID=458
DELETE FROM DATAS WHERE ID=459
DELETE FROM DATAS WHERE ID=460
DELETE FROM DATAS WHERE ID=501
DELETE FROM DATAS WHERE ID=552
DELETE FROM DATAS WHERE ID=553
DELETE FROM DATAS WHERE ID=1253
DELETE FROM DATAS WHERE ID=1254
DELETE FROM DATAS WHERE ID=1255
DELETE FROM DATAS WHERE ID=1256
DELETE FROM DATAS WHERE ID=1257
DELETE FROM DATAS WHERE ID=1258
DELETE FROM DATAS WHERE ID=1260
DELETE FROM DATAS WHERE ID=1261
DELETE FROM DATAS WHERE ID=1262
DELETE FROM DATAS WHERE ID=1403
DELETE FROM DATAS WHERE ID=1405
DELETE FROM DATAS WHERE ID=1406
COMMIT
DELETE FROM PERSON WHERE ID=1
DELETE FROM PERSON WHERE ID=301
DELETE FROM PERSON WHERE ID=302
DELETE FROM PERSON WHERE ID=304
DELETE FROM PERSON WHERE ID=306
DELETE FROM PERSON WHERE ID=308
DELETE FROM PERSON WHERE ID=351
DELETE FROM PERSON WHERE ID=354
DELETE FROM PERSON WHERE ID=451
DELETE FROM PERSON WHERE ID=456
DELETE FROM PERSON WHERE ID=551
DELETE FROM PERSON WHERE ID=601
DELETE FROM PERSON WHERE ID=651
DELETE FROM PERSON WHERE ID=701
DELETE FROM PERSON WHERE ID=751
DELETE FROM PERSON WHERE ID=801
DELETE FROM PERSON WHERE ID=851
DELETE FROM PERSON WHERE ID=901
DELETE FROM PERSON WHERE ID=951
DELETE FROM PERSON WHERE ID=1001
DELETE FROM PERSON WHERE ID=1051
DELETE FROM PERSON WHERE ID=1101
DELETE FROM PERSON WHERE ID=1151
DELETE FROM PERSON WHERE ID=1201
DELETE FROM PERSON WHERE ID=1251
DELETE FROM PERSON WHERE ID=1259
DELETE FROM PERSON WHERE ID=1301
COMMIT
DELETE FROM SEQUENCE WHERE SEQ_NAME='SEQ_GEN'
COMMIT
/*C5*/SET SCHEMA PUBLIC
INSERT INTO SEQUENCE VALUES('SEQ_GEN',0)
COMMIT
DELETE FROM SEQUENCE WHERE SEQ_NAME='SEQ_GEN'
INSERT INTO SEQUENCE VALUES('SEQ_GEN',50)
COMMIT
INSERT INTO PERSON VALUES(1,'fsd@dfj.com','cancan99','NIxrvaYt4siGvQxN5/IUGjubb8Err5ZJPT9AzPE6H40=$dywnzHvSOXhzzHUje3iGx14B0uFpfo25pMcZsHrIHXY=')
COMMIT
INSERT INTO DATAS VALUES(2,'076e3caed758a1c18c91a0e9cae3368f','Chrysanthemum.jpg','c://uploaded/cancan99/Chrysanthemum.jpg',NULL)
INSERT INTO DATAS_PERSON VALUES(2,1)
INSERT INTO DATATOPERSON VALUES(1,2)
COMMIT
INSERT INTO DATAS VALUES(3,'8e20a19018f19ffd9abf8324a509e772','Tulips.jpg','c://uploaded/cancan99/Tulips.jpg',NULL)
INSERT INTO DATAS_PERSON VALUES(3,1)
INSERT INTO DATATOPERSON VALUES(1,3)
COMMIT
DELETE FROM DATAS_PERSON WHERE DATAS_ID=3 AND PERSONS_ID=1
DELETE FROM DATATOPERSON WHERE PERSON_ID=1 AND DATAS_ID=3
DELETE FROM DATAS WHERE ID=3
COMMIT
INSERT INTO DATAS VALUES(4,'fafa5efeaf3cbe3b23b2748d13e629a1','Tulips.jpg','c://uploaded/cancan99/Tulips.jpg',NULL)
INSERT INTO DATAS_PERSON VALUES(4,1)
INSERT INTO DATATOPERSON VALUES(1,4)
COMMIT
INSERT INTO PERSON VALUES(5,'hgjh@fkjjk.com','cancan98','0Qa6hYvj5obhzTQzpN0ftPg8PQGljkHOFoCr4b3UyfI=$np0rM6p1JQJN+kYJ82M4SW+VTijMwarMfnmetGpzmS8=')
COMMIT
INSERT INTO DATAS VALUES(6,'052d80585306419dea98153499f4a03e','Desert.jpg','c://uploaded/cancan98/Desert.jpg',NULL)
INSERT INTO DATAS_PERSON VALUES(6,5)
INSERT INTO DATATOPERSON VALUES(5,6)
COMMIT
INSERT INTO DATAS VALUES(7,'bdf3bf1da3405725be763540d6601144','Hydrangeas.jpg','c://uploaded/cancan98/Hydrangeas.jpg',NULL)
INSERT INTO DATAS_PERSON VALUES(7,5)
INSERT INTO DATATOPERSON VALUES(5,7)
COMMIT
INSERT INTO DATAS VALUES(8,'2b04df3ecc1d94afddff082d139c6f15','Koala.jpg','c://uploaded/cancan98/Koala.jpg',NULL)
INSERT INTO DATAS_PERSON VALUES(8,5)
INSERT INTO DATATOPERSON VALUES(5,8)
COMMIT
DELETE FROM DATAS_PERSON WHERE DATAS_ID=6 AND PERSONS_ID=5
DELETE FROM DATATOPERSON WHERE PERSON_ID=5 AND DATAS_ID=6
DELETE FROM DATAS WHERE ID=6
COMMIT
INSERT INTO DATAS VALUES(9,'5a44c7ba5bbe4ec867233d67e4806848','Jellyfish.jpg','c://uploaded/cancan98/Jellyfish.jpg',NULL)
INSERT INTO DATAS_PERSON VALUES(9,5)
INSERT INTO DATATOPERSON VALUES(5,9)
COMMIT
DELETE FROM DATAS_PERSON WHERE DATAS_ID=7 AND PERSONS_ID=5
DELETE FROM DATATOPERSON WHERE PERSON_ID=5 AND DATAS_ID=7
DELETE FROM DATAS WHERE ID=7
COMMIT
INSERT INTO DATAS VALUES(10,'052d80585306419dea98153499f4a03e','Desert.jpg','c://uploaded/cancan98/Desert.jpg',NULL)
INSERT INTO DATAS_PERSON VALUES(10,5)
INSERT INTO DATATOPERSON VALUES(5,10)
COMMIT
INSERT INTO DATAS VALUES(11,'fafa5efeaf3cbe3b23b2748d13e629a1','Tulips.jpg','c://uploaded/cancan98/Tulips.jpg',NULL)
INSERT INTO DATAS_PERSON VALUES(11,5)
INSERT INTO DATATOPERSON VALUES(5,11)
COMMIT
/*C4*/DISCONNECT
